<?xml version="1.0" encoding="UTF-8"?><testrun name="AnagramsSuite" project="progfun-forcomp" tests="16" started="16" failures="0" errors="1" ignored="0">
  <testsuite name="forcomp.AnagramsSuite" time="1.626">
    <testcase name="wordOccurrences: abcd" classname="forcomp.AnagramsSuite" time="0.076"/>
    <testcase name="wordOccurrences: Robert" classname="forcomp.AnagramsSuite" time="0.0"/>
    <testcase name="sentenceOccurrences: abcd e" classname="forcomp.AnagramsSuite" time="0.003"/>
    <testcase name="sentenceOccurrences: I love you" classname="forcomp.AnagramsSuite" time="0.0"/>
    <testcase name="dictionaryByOccurrences.get: eat" classname="forcomp.AnagramsSuite" time="1.034"/>
    <testcase name="dictionaryByOccurrences.get: love" classname="forcomp.AnagramsSuite" time="0.001"/>
    <testcase name="dictionaryByOccurrences.get: not" classname="forcomp.AnagramsSuite" time="0.001"/>
    <testcase name="word anagrams: married" classname="forcomp.AnagramsSuite" time="0.34"/>
    <testcase name="word anagrams: player" classname="forcomp.AnagramsSuite" time="0.065"/>
    <testcase name="word anagrams: frost" classname="forcomp.AnagramsSuite" time="0.057"/>
    <testcase name="word anagrams: lard" classname="forcomp.AnagramsSuite" time="0.022"/>
    <testcase name="subtract: lard - r" classname="forcomp.AnagramsSuite" time="0.002"/>
    <testcase name="combinations: []" classname="forcomp.AnagramsSuite" time="0.001"/>
    <testcase name="combinations: abba" classname="forcomp.AnagramsSuite" time="0.005"/>
    <testcase name="sentence anagrams: []" classname="forcomp.AnagramsSuite" time="0.001"/>
    <testcase name="sentence anagrams: Linux rulez" classname="forcomp.AnagramsSuite" time="0.018">
      <error>java.util.NoSuchElementException: key not found: List((e,1), (i,1), (l,1), (n,1), (r,1), (u,1), (x,1), (z,1))
	at scala.collection.MapLike$class.default(MapLike.scala:228)
	at scala.collection.AbstractMap.default(Map.scala:58)
	at scala.collection.MapLike$class.apply(MapLike.scala:141)
	at scala.collection.AbstractMap.apply(Map.scala:58)
	at forcomp.Anagrams$$anonfun$forcomp$Anagrams$$iter$1$2.apply(Anagrams.scala:175)
	at forcomp.Anagrams$$anonfun$forcomp$Anagrams$$iter$1$2.apply(Anagrams.scala:173)
	at scala.collection.TraversableLike$WithFilter$$anonfun$flatMap$2.apply(TraversableLike.scala:753)
	at scala.collection.immutable.List.foreach(List.scala:318)
	at scala.collection.TraversableLike$WithFilter.flatMap(TraversableLike.scala:752)
	at forcomp.Anagrams$.forcomp$Anagrams$$iter$1(Anagrams.scala:173)
	at forcomp.Anagrams$.sentenceAnagrams(Anagrams.scala:180)
	at forcomp.AnagramsSuite$$anonfun$16.apply$mcV$sp(AnagramsSuite.scala:111)
	at forcomp.AnagramsSuite$$anonfun$16.apply(AnagramsSuite.scala:88)
	at forcomp.AnagramsSuite$$anonfun$16.apply(AnagramsSuite.scala:88)
	at org.scalatest.FunSuite$$anon$1.apply(FunSuite.scala:1265)
	at org.scalatest.Suite$class.withFixture(Suite.scala:1974)
	at forcomp.AnagramsSuite.withFixture(AnagramsSuite.scala:11)
	at org.scalatest.FunSuite$class.invokeWithFixture$1(FunSuite.scala:1262)
	at org.scalatest.FunSuite$$anonfun$runTest$1.apply(FunSuite.scala:1271)
	at org.scalatest.FunSuite$$anonfun$runTest$1.apply(FunSuite.scala:1271)
	at org.scalatest.SuperEngine.runTestImpl(Engine.scala:198)
	at org.scalatest.FunSuite$class.runTest(FunSuite.scala:1271)
	at forcomp.AnagramsSuite.runTest(AnagramsSuite.scala:11)
	at org.scalatest.FunSuite$$anonfun$runTests$1.apply(FunSuite.scala:1304)
	at org.scalatest.FunSuite$$anonfun$runTests$1.apply(FunSuite.scala:1304)
	at org.scalatest.SuperEngine$$anonfun$org$scalatest$SuperEngine$$runTestsInBranch$1.apply(Engine.scala:260)
	at org.scalatest.SuperEngine$$anonfun$org$scalatest$SuperEngine$$runTestsInBranch$1.apply(Engine.scala:249)
	at scala.collection.immutable.List.foreach(List.scala:318)
	at org.scalatest.SuperEngine.org$scalatest$SuperEngine$$runTestsInBranch(Engine.scala:249)
	at org.scalatest.SuperEngine.runTestsImpl(Engine.scala:326)
	at org.scalatest.FunSuite$class.runTests(FunSuite.scala:1304)
	at forcomp.AnagramsSuite.runTests(AnagramsSuite.scala:11)
	at org.scalatest.Suite$class.run(Suite.scala:2303)
	at forcomp.AnagramsSuite.org$scalatest$FunSuite$$super$run(AnagramsSuite.scala:11)
	at org.scalatest.FunSuite$$anonfun$run$1.apply(FunSuite.scala:1310)
	at org.scalatest.FunSuite$$anonfun$run$1.apply(FunSuite.scala:1310)
	at org.scalatest.SuperEngine.runImpl(Engine.scala:362)
	at org.scalatest.FunSuite$class.run(FunSuite.scala:1310)
	at forcomp.AnagramsSuite.run(AnagramsSuite.scala:11)
	at org.scalatest.junit.JUnitRunner.run(JUnitRunner.scala:94)
	at org.eclipse.jdt.internal.junit4.runner.JUnit4TestReference.run(JUnit4TestReference.java:50)
	at org.eclipse.jdt.internal.junit.runner.TestExecution.run(TestExecution.java:38)
	at org.eclipse.jdt.internal.junit.runner.RemoteTestRunner.runTests(RemoteTestRunner.java:467)
	at org.eclipse.jdt.internal.junit.runner.RemoteTestRunner.runTests(RemoteTestRunner.java:683)
	at org.eclipse.jdt.internal.junit.runner.RemoteTestRunner.run(RemoteTestRunner.java:390)
	at org.eclipse.jdt.internal.junit.runner.RemoteTestRunner.main(RemoteTestRunner.java:197)

</error>
    </testcase>
  </testsuite>
</testrun>
